Traced on 2024-11-02 10:19:58
FileAccessForInclusion - 
/var/www/html/include/utils/CommonUtils.php::checkFileAccessForInclusion::388<br>
/var/www/html/includes/Loader.php::checkFileAccessForInclusion::65<br>
/var/www/html/includes/Loader.php::includeOnce::191<br>
/var/www/html/includes/main/WebUI.php::vimport::15<br>
/var/www/html/index.php::include_once::26<br>
Traced on 2024-11-02 10:20:04
FileAccessForInclusion - 
/var/www/html/include/utils/CommonUtils.php::checkFileAccessForInclusion::388<br>
/var/www/html/includes/Loader.php::checkFileAccessForInclusion::65<br>
/var/www/html/includes/Loader.php::includeOnce::191<br>
/var/www/html/includes/main/WebUI.php::vimport::15<br>
/var/www/html/index.php::include_once::26<br>
Traced on 2024-11-02 10:20:05
FileAccessForInclusion - 
/var/www/html/include/utils/CommonUtils.php::checkFileAccessForInclusion::388<br>
/var/www/html/includes/Loader.php::checkFileAccessForInclusion::65<br>
/var/www/html/includes/Loader.php::includeOnce::191<br>
/var/www/html/includes/main/WebUI.php::vimport::15<br>
/var/www/html/index.php::include_once::26<br>
Traced on 2024-11-02 10:20:23
FileAccessForInclusion - 
/var/www/html/include/utils/CommonUtils.php::checkFileAccessForInclusion::388<br>
/var/www/html/includes/Loader.php::checkFileAccessForInclusion::65<br>
/var/www/html/includes/Loader.php::includeOnce::191<br>
/var/www/html/includes/main/WebUI.php::vimport::15<br>
/var/www/html/index.php::include_once::26<br>
Traced on 2024-11-02 10:20:24
FileAccessForInclusion - 
/var/www/html/include/utils/CommonUtils.php::checkFileAccessForInclusion::388<br>
/var/www/html/includes/Loader.php::checkFileAccessForInclusion::65<br>
/var/www/html/includes/Loader.php::includeOnce::191<br>
/var/www/html/includes/main/WebUI.php::vimport::15<br>
/var/www/html/index.php::include_once::26<br>
